<?xml version="1.0" encoding="UTF-8"?>
<!-- Generated by org.testng.reporters.JUnitReportReporter -->
<testsuite hostname="INsaikrisv.local" name="com.bmo.tests.StandardTest" tests="3" failures="0" timestamp="10 Aug 2015 04:02:10 GMT" time="77.058" errors="0">
  <testcase name="testApp" time="25.707" classname="com.bmo.tests.StandardTest"/>
  <testcase name="testApp" time="25.078" classname="com.bmo.tests.StandardTest"/>
  <testcase name="testApp" time="26.273" classname="com.bmo.tests.StandardTest"/>
</testsuite> <!-- com.bmo.tests.StandardTest -->
